<?xml version="1.0" encoding="UTF-8"?>
<testng-results skipped="0" failed="0" total="1" passed="1">
  <reporter-output>
  </reporter-output>
  <suite name="XXX" duration-ms="15995" started-at="2018-03-11T09:36:37Z" finished-at="2018-03-11T09:36:53Z">
    <groups>
    </groups>
    <test name="xxx" duration-ms="15995" started-at="2018-03-11T09:36:37Z" finished-at="2018-03-11T09:36:53Z">
      <class name="WechatRegis.WechatLoinCase">
        <test-method status="PASS" signature="setUp()[pri:0, instance:WechatRegis.WechatLoinCase@5ebec15]" name="setUp" is-config="true" duration-ms="11059" started-at="2018-03-11T17:36:37Z" finished-at="2018-03-11T17:36:48Z">
          <reporter-output>
          </reporter-output>
        </test-method> <!-- setUp -->
        <test-method status="PASS" signature="test()[pri:0, instance:WechatRegis.WechatLoinCase@5ebec15]" name="test" duration-ms="4924" started-at="2018-03-11T17:36:48Z" finished-at="2018-03-11T17:36:53Z">
          <reporter-output>
          </reporter-output>
        </test-method> <!-- test -->
      </class> <!-- WechatRegis.WechatLoinCase -->
    </test> <!-- xxx -->
  </suite> <!-- XXX -->
</testng-results>
